Build started 29/04/2015 18:20:20.
     1>Project "C:\Program Files\openFrameworks\apps\myApps\particleSystem\particleSystem.vcxproj" on node 2 (Build target(s)).
     1>ClCompile:
         C:\Program Files (x86)\Microsoft Visual Studio 11.0\VC\bin\CL.exe /c /I..\..\..\libs\openFrameworks /I..\..\..\libs\openFrameworks\graphics /I..\..\..\libs\openFrameworks\app /I..\..\..\libs\openFrameworks\sound /I..\..\..\libs\openFrameworks\utils /I..\..\..\libs\openFrameworks\communication /I..\..\..\libs\openFrameworks\video /I..\..\..\libs\openFrameworks\types /I..\..\..\libs\openFrameworks\math /I..\..\..\libs\openFrameworks\3d /I..\..\..\libs\openFrameworks\gl /I..\..\..\libs\openFrameworks\events /I..\..\..\libs\glut\include /I..\..\..\libs\rtAudio\include /I..\..\..\libs\quicktime\include /I..\..\..\libs\freetype\include /I..\..\..\libs\freetype\include\freetype2 /I..\..\..\libs\freeImage\include /I..\..\..\libs\fmodex\include /I..\..\..\libs\videoInput\include /I..\..\..\libs\glew\include\ /I..\..\..\libs\glu\include /I..\..\..\libs\tess2\include /I..\..\..\libs\cairo\include\cairo /I..\..\..\libs\poco\include /I..\..\..\libs\glfw\include /I..\..\..\..\libs\openssl\include /I..\..\..\addons /I..\..\..\addons\ofxXmlSettings\libs /I..\..\..\addons\ofxXmlSettings\src /I..\..\..\addons\ofxMSAInteractiveObject\libs /I..\..\..\addons\ofxMSAInteractiveObject\src /I..\..\..\addons\ofxUI\libs /I..\..\..\addons\ofxUI\src /Zi /nologo /W3 /WX- /O2 /Oy- /D WIN32 /D NDEBUG /D _CONSOLE /D POCO_STATIC /D CAIRO_WIN32_STATIC_BUILD /D DISABLE_SOME_FLOATING_POINT /D _UNICODE /D UNICODE /Gm- /EHsc /MD /GS /fp:precise /Zc:wchar_t /Zc:forScope /Fo"obj\Release\\" /Fd"obj\Release\vc110.pdb" /Gd /TP /analyze- /errorReport:prompt src\GUI\Interface.cpp src\Particles\Particle.cpp src\main.cpp src\testApp.cpp
         Interface.cpp
     1>C:\Program Files\openFrameworks\libs\poco\include\Poco/StreamConverter.h(126): warning C4250: 'Poco::InputStreamConverter' : inherits 'std::basic_istream<_Elem,_Traits>::std::basic_istream<_Elem,_Traits>::_Add_vtordisp1' via dominance
                 with
                 [
                     _Elem=char,
                     _Traits=std::char_traits<char>
                 ]
                 C:\Program Files (x86)\Microsoft Visual Studio 11.0\VC\include\istream(74) : see declaration of 'std::basic_istream<_Elem,_Traits>::_Add_vtordisp1'
                 with
                 [
                     _Elem=char,
                     _Traits=std::char_traits<char>
                 ]
     1>C:\Program Files\openFrameworks\libs\poco\include\Poco/StreamConverter.h(144): warning C4250: 'Poco::OutputStreamConverter' : inherits 'std::basic_ostream<_Elem,_Traits>::std::basic_ostream<_Elem,_Traits>::_Add_vtordisp2' via dominance
                 with
                 [
                     _Elem=char,
                     _Traits=std::char_traits<char>
                 ]
                 C:\Program Files (x86)\Microsoft Visual Studio 11.0\VC\include\ostream(90) : see declaration of 'std::basic_ostream<_Elem,_Traits>::_Add_vtordisp2'
                 with
                 [
                     _Elem=char,
                     _Traits=std::char_traits<char>
                 ]
         Particle.cpp
     1>C:\Program Files\openFrameworks\libs\poco\include\Poco/StreamConverter.h(126): warning C4250: 'Poco::InputStreamConverter' : inherits 'std::basic_istream<_Elem,_Traits>::std::basic_istream<_Elem,_Traits>::_Add_vtordisp1' via dominance
                 with
                 [
                     _Elem=char,
                     _Traits=std::char_traits<char>
                 ]
                 C:\Program Files (x86)\Microsoft Visual Studio 11.0\VC\include\istream(74) : see declaration of 'std::basic_istream<_Elem,_Traits>::_Add_vtordisp1'
                 with
                 [
                     _Elem=char,
                     _Traits=std::char_traits<char>
                 ]
     1>C:\Program Files\openFrameworks\libs\poco\include\Poco/StreamConverter.h(144): warning C4250: 'Poco::OutputStreamConverter' : inherits 'std::basic_ostream<_Elem,_Traits>::std::basic_ostream<_Elem,_Traits>::_Add_vtordisp2' via dominance
                 with
                 [
                     _Elem=char,
                     _Traits=std::char_traits<char>
                 ]
                 C:\Program Files (x86)\Microsoft Visual Studio 11.0\VC\include\ostream(90) : see declaration of 'std::basic_ostream<_Elem,_Traits>::_Add_vtordisp2'
                 with
                 [
                     _Elem=char,
                     _Traits=std::char_traits<char>
                 ]
         main.cpp
     1>C:\Program Files\openFrameworks\libs\poco\include\Poco/StreamConverter.h(126): warning C4250: 'Poco::InputStreamConverter' : inherits 'std::basic_istream<_Elem,_Traits>::std::basic_istream<_Elem,_Traits>::_Add_vtordisp1' via dominance
                 with
                 [
                     _Elem=char,
                     _Traits=std::char_traits<char>
                 ]
                 C:\Program Files (x86)\Microsoft Visual Studio 11.0\VC\include\istream(74) : see declaration of 'std::basic_istream<_Elem,_Traits>::_Add_vtordisp1'
                 with
                 [
                     _Elem=char,
                     _Traits=std::char_traits<char>
                 ]
     1>C:\Program Files\openFrameworks\libs\poco\include\Poco/StreamConverter.h(144): warning C4250: 'Poco::OutputStreamConverter' : inherits 'std::basic_ostream<_Elem,_Traits>::std::basic_ostream<_Elem,_Traits>::_Add_vtordisp2' via dominance
                 with
                 [
                     _Elem=char,
                     _Traits=std::char_traits<char>
                 ]
                 C:\Program Files (x86)\Microsoft Visual Studio 11.0\VC\include\ostream(90) : see declaration of 'std::basic_ostream<_Elem,_Traits>::_Add_vtordisp2'
                 with
                 [
                     _Elem=char,
                     _Traits=std::char_traits<char>
                 ]
         testApp.cpp
     1>C:\Program Files\openFrameworks\libs\poco\include\Poco/StreamConverter.h(126): warning C4250: 'Poco::InputStreamConverter' : inherits 'std::basic_istream<_Elem,_Traits>::std::basic_istream<_Elem,_Traits>::_Add_vtordisp1' via dominance
                 with
                 [
                     _Elem=char,
                     _Traits=std::char_traits<char>
                 ]
                 C:\Program Files (x86)\Microsoft Visual Studio 11.0\VC\include\istream(74) : see declaration of 'std::basic_istream<_Elem,_Traits>::_Add_vtordisp1'
                 with
                 [
                     _Elem=char,
                     _Traits=std::char_traits<char>
                 ]
     1>C:\Program Files\openFrameworks\libs\poco\include\Poco/StreamConverter.h(144): warning C4250: 'Poco::OutputStreamConverter' : inherits 'std::basic_ostream<_Elem,_Traits>::std::basic_ostream<_Elem,_Traits>::_Add_vtordisp2' via dominance
                 with
                 [
                     _Elem=char,
                     _Traits=std::char_traits<char>
                 ]
                 C:\Program Files (x86)\Microsoft Visual Studio 11.0\VC\include\ostream(90) : see declaration of 'std::basic_ostream<_Elem,_Traits>::_Add_vtordisp2'
                 with
                 [
                     _Elem=char,
                     _Traits=std::char_traits<char>
                 ]
         Generating Code...
       Link:
         C:\Program Files (x86)\Microsoft Visual Studio 11.0\VC\bin\link.exe /ERRORREPORT:PROMPT /OUT:"bin\particleSystem.exe" /INCREMENTAL:NO /NOLOGO /LIBPATH:..\..\..\libs\glut\lib\vs /LIBPATH:..\..\..\libs\glfw\lib\vs /LIBPATH:..\..\..\libs\rtAudio\lib\vs /LIBPATH:..\..\..\libs\FreeImage\lib\vs /LIBPATH:..\..\..\libs\freetype\lib\vs /LIBPATH:..\..\..\libs\quicktime\lib\vs /LIBPATH:..\..\..\libs\fmodex\lib\vs /LIBPATH:..\..\..\libs\videoInput\lib\vs /LIBPATH:..\..\..\libs\cairo\lib\vs /LIBPATH:..\..\..\libs\glew\lib\vs /LIBPATH:..\..\..\libs\glu\lib\vs /LIBPATH:..\..\..\libs\openssl\lib\vs /LIBPATH:..\..\..\libs\Poco\lib\vs /LIBPATH:..\..\..\libs\tess2\lib\vs OpenNI2.lib NiTE2.lib "cairo-static.lib" "pixman-1.lib" msimg32.lib OpenGL32.lib GLu32.lib kernel32.lib setupapi.lib Vfw32.lib comctl32.lib glut32.lib rtAudio.lib videoInput.lib libfreetype.lib FreeImage.lib qtmlClient.lib dsound.lib user32.lib gdi32.lib winspool.lib comdlg32.lib advapi32.lib shell32.lib ole32.lib oleaut32.lib uuid.lib glew32s.lib fmodex_vc.lib glu32.lib crypt32.lib libeay32MD.lib ssleay32MD.lib PocoFoundationmd.lib PocoNetmd.lib PocoUtilmd.lib PocoXMLmd.lib Ws2_32.lib tess2.lib glfw3.lib kernel32.lib user32.lib gdi32.lib winspool.lib comdlg32.lib advapi32.lib shell32.lib ole32.lib oleaut32.lib uuid.lib odbc32.lib odbccp32.lib /NODEFAULTLIB:PocoFoundationd.lib /NODEFAULTLIB:atlthunk.lib /NODEFAULTLIB:LIBC.lib /NODEFAULTLIB:LIBCMT /MANIFEST /MANIFESTUAC:"level='asInvoker' uiAccess='false'" /manifest:embed /PDB:"bin\particleSystem.pdb" /SUBSYSTEM:CONSOLE /OPT:REF /OPT:ICF /LTCG /TLBID:1 /DYNAMICBASE:NO /NXCOMPAT /IMPLIB:"bin\particleSystem.lib" /MACHINE:X86 /SAFESEH obj\Release\icon.res
         obj\Release\Interface.obj
         obj\Release\main.obj
         obj\Release\Params.obj
         obj\Release\Particle.obj
         obj\Release\testApp.obj
         obj\Release\ofxXmlSettings.obj
         obj\Release\tinyxml.obj
         obj\Release\tinyxmlerror.obj
         obj\Release\tinyxmlparser.obj
         obj\Release\ofxMSAInteractiveObject.obj
         obj\Release\ofxUI2DGraph.obj
         obj\Release\ofxUI2DPad.obj
         obj\Release\ofxUIBaseDraws.obj
         obj\Release\ofxUIBiLabelSlider.obj
         obj\Release\ofxUIButton.obj
         obj\Release\ofxUICanvas.obj
         obj\Release\ofxUICircleSlider.obj
         obj\Release\ofxUIDragableLabelButton.obj
         obj\Release\ofxUIDropDownList.obj
         obj\Release\ofxUIEventArgs.obj
         obj\Release\ofxUIFPS.obj
         obj\Release\ofxUIFPSSlider.obj
         obj\Release\ofxUIImage.obj
         obj\Release\ofxUIImageButton.obj
         obj\Release\ofxUIImageSampler.obj
         obj\Release\ofxUIImageSlider.obj
         obj\Release\ofxUIImageToggle.obj
         obj\Release\ofxUILabel.obj
         obj\Release\ofxUILabelButton.obj
         obj\Release\ofxUILabelToggle.obj
         obj\Release\ofxUIMinimalSlider.obj
         obj\Release\ofxUIMovingGraph.obj
         obj\Release\ofxUIMultiImageButton.obj
         obj\Release\ofxUIMultiImageToggle.obj
         obj\Release\ofxUINumberDialer.obj
         obj\Release\ofxUIRadio.obj
         obj\Release\ofxUIRangeSlider.obj
         obj\Release\ofxUIRectangle.obj
         obj\Release\ofxUIRotarySlider.obj
         obj\Release\ofxUIScrollableCanvas.obj
         obj\Release\ofxUISlider.obj
         obj\Release\ofxUISortableList.obj
         obj\Release\ofxUISpacer.obj
         obj\Release\ofxUISpectrum.obj
         obj\Release\ofxUISuperCanvas.obj
         obj\Release\ofxUITabBar.obj
         obj\Release\ofxUITextArea.obj
         obj\Release\ofxUITextInput.obj
         obj\Release\ofxUIToggle.obj
         obj\Release\ofxUIToggleMatrix.obj
         obj\Release\ofxUIValuePlotter.obj
         obj\Release\ofxUIWaveform.obj
         obj\Release\ofxUIWidget.obj
         obj\Release\ofxUIWidgetWithLabel.obj
         "C:\Program Files\openFrameworks\libs\openFrameworksCompiled\lib\vs\openframeworksLib.lib"
            Creating library bin\particleSystem.lib and object bin\particleSystem.exp
         LINK : /LTCG specified but no code generation required; remove /LTCG from the link command line to improve linker performance
         particleSystem.vcxproj -> C:\Program Files\openFrameworks\apps\myApps\particleSystem\bin\particleSystem.exe
       PostBuildEvent:
         xcopy /e /i /y "C:\Program Files\openFrameworks\apps\myApps\particleSystem\..\..\..\export\vs\*.dll" "C:\Program Files\openFrameworks\apps\myApps\particleSystem\bin"
         :VCEnd
         C:\Program Files\openFrameworks\apps\myApps\particleSystem\..\..\..\export\vs\Assimp32.dll
         C:\Program Files\openFrameworks\apps\myApps\particleSystem\..\..\..\export\vs\fmodex.dll
         C:\Program Files\openFrameworks\apps\myApps\particleSystem\..\..\..\export\vs\fmodexL.dll
         C:\Program Files\openFrameworks\apps\myApps\particleSystem\..\..\..\export\vs\FreeImage.dll
         C:\Program Files\openFrameworks\apps\myApps\particleSystem\..\..\..\export\vs\FreeType-6.dll
         C:\Program Files\openFrameworks\apps\myApps\particleSystem\..\..\..\export\vs\glut32.dll
         C:\Program Files\openFrameworks\apps\myApps\particleSystem\..\..\..\export\vs\libeay32.dll
         C:\Program Files\openFrameworks\apps\myApps\particleSystem\..\..\..\export\vs\ssleay32.dll
         C:\Program Files\openFrameworks\apps\myApps\particleSystem\..\..\..\export\vs\Zlib.dll
         9 File(s) copied
     1>Done Building Project "C:\Program Files\openFrameworks\apps\myApps\particleSystem\particleSystem.vcxproj" (Build target(s)).

Build succeeded.

Time Elapsed 00:00:24.97
